#
# There is insufficient memory for the Java Runtime Environment to continue.
# Native memory allocation (malloc) failed to allocate 32744 bytes for ChunkPool::allocate
# Possible reasons:
#   The system is out of physical RAM or swap space
#   The process is running with CompressedOops enabled, and the Java Heap may be blocking the growth of the native heap
# Possible solutions:
#   Reduce memory load on the system
#   Increase physical memory or swap space
#   Check if swap backing store is full
#   Decrease Java heap size (-Xmx/-Xms)
#   Decrease number of Java threads
#   Decrease Java thread stack sizes (-Xss)
#   Set larger code cache with -XX:ReservedCodeCacheSize=
#   JVM is running with Unscaled Compressed Oops mode in which the Java heap is
#     placed in the first 4GB address space. The Java Heap base address is the
#     maximum limit for the native heap growth. Please use -XX:HeapBaseMinAddress
#     to set the Java Heap base and to place the Java Heap above 4GB virtual address.
# This output file may be truncated or incomplete.
#
#  Out of Memory Error (allocation.cpp:272), pid=16872, tid=0x0000000000005988
#
# JRE version: Java(TM) SE Runtime Environment (8.0_221-b11) (build 1.8.0_221-b11)
# Java VM: Java HotSpot(TM) 64-Bit Server VM (25.221-b11 mixed mode windows-amd64 compressed oops)
# Failed to write core dump. Minidumps are not enabled by default on client versions of Windows
#

---------------  T H R E A D  ---------------

Current thread (0x0000000017b7e800):  JavaThread "C1 CompilerThread2" daemon [_thread_in_native, id=22920, stack(0x00000000197a0000,0x00000000198a0000)]

Stack: [0x00000000197a0000,0x00000000198a0000]
[error occurred during error reporting (printing stack bounds), id 0xc0000005]

Native frames: (J=compiled Java code, j=interpreted, Vv=VM code, C=native code)


Current CompileTask:
C1:   4161 1086   !   3      
[error occurred during error reporting (printing current compile task), id 0xe0000001]


---------------  P R O C E S S  ---------------

Java Threads: ( => current thread )
  0x0000000019f1c800 JavaThread "TimerQueue" daemon [_thread_blocked, id=24560, stack(0x00000000265f0000,0x00000000266f0000)]
  0x000000000154d800 JavaThread "DestroyJavaVM" [_thread_blocked, id=2340, stack(0x0000000002d70000,0x0000000002e70000)]
  0x0000000019e7c000 JavaThread "D3D Screen Updater" daemon [_thread_blocked, id=16368, stack(0x0000000025be0000,0x0000000025ce0000)]
  0x0000000019e2a800 JavaThread "AWT-EventQueue-0" [_thread_in_Java, id=20732, stack(0x00000000252e0000,0x00000000253e0000)]
  0x0000000019d8e800 JavaThread "AWT-Windows" daemon [_thread_in_native, id=23736, stack(0x000000001ad20000,0x000000001ae20000)]
  0x0000000019d8d800 JavaThread "AWT-Shutdown" [_thread_blocked, id=1804, stack(0x000000001ac20000,0x000000001ad20000)]
  0x0000000019d8d000 JavaThread "Java2D Disposer" daemon [_thread_blocked, id=26044, stack(0x000000001aa50000,0x000000001ab50000)]
  0x0000000019333000 JavaThread "mysql-cj-abandoned-connection-cleanup" daemon [_thread_blocked, id=17504, stack(0x0000000019aa0000,0x0000000019ba0000)]
  0x00000000192a8000 JavaThread "Service Thread" daemon [_thread_blocked, id=4108, stack(0x00000000198a0000,0x00000000199a0000)]
=>0x0000000017b7e800 JavaThread "C1 CompilerThread2" daemon [_thread_in_native, id=22920, stack(0x00000000197a0000,0x00000000198a0000)]
  0x0000000017b7d800 JavaThread "C2 CompilerThread1" daemon [_thread_blocked, id=16600, stack(0x00000000196a0000,0x00000000197a0000)]
  0x0000000017b1e800 JavaThread "C2 CompilerThread0" daemon [_thread_blocked, id=25396, stack(0x00000000191a0000,0x00000000192a0000)]
  0x0000000017b1d000 JavaThread "Attach Listener" daemon [_thread_blocked, id=2824, stack(0x00000000190a0000,0x00000000191a0000)]
  0x0000000017b1b800 JavaThread "Signal Dispatcher" daemon [_thread_blocked, id=1376, stack(0x0000000018fa0000,0x00000000190a0000)]
  0x0000000017b0a800 JavaThread "Finalizer" daemon [_thread_blocked, id=17112, stack(0x0000000018d80000,0x0000000018e80000)]
  0x0000000002f62000 JavaThread "Reference Handler" daemon [_thread_blocked, id=24188, stack(0x0000000018c80000,0x0000000018d80000)]

Other Threads:
  0x0000000017ae9000 VMThread [stack: 0x0000000018b80000,0x0000000018c80000] [id=9588]
  0x00000000192aa000 WatcherThread [stack: 0x00000000199a0000,0x0000000019aa0000] [id=7768]

VM state:not at safepoint (normal execution)

VM Mutex/Monitor currently owned by a thread: None

heap address: 0x0000000080c00000, size: 2036 MB, Compressed Oops mode: 32-bit
Narrow klass base: 0x0000000000000000, Narrow klass shift: 3
Compressed class space size: 1073741824 Address: 0x0000000100000000

Heap:
 PSYoungGen      total 38400K, used 5351K [0x00000000d5980000, 0x00000000d8400000, 0x0000000100000000)
  eden space 33280K, 16% used [0x00000000d5980000,0x00000000d5eb9e20,0x00000000d7a00000)
  from space 5120K, 0% used [0x00000000d7a00000,0x00000000d7a00000,0x00000000d7f00000)
  to   space 5120K, 0% used [0x00000000d7f00000,0x00000000d7f00000,0x00000000d8400000)
 ParOldGen       total 62976K, used 3885K [0x0000000080c00000, 0x0000000084980000, 0x00000000d5980000)
  object space 62976K, 6% used [0x0000000080c00000,0x0000000080fcb560,0x0000000084980000)
 Metaspace       used 14380K, capacity 14666K, committed 14976K, reserved 1064960K
  class space    used 1772K, capacity 1883K, committed 1920K, reserved 1048576K

Card table byte_map: [0x0000000012330000,0x0000000012730000] byte_map_base: 0x0000000011f2a000

Marking Bits: (ParMarkBitMap*) 0x0000000062a85ce0
 Begin Bits: [0x0000000012de0000, 0x0000000014db0000)
 End Bits:   [0x0000000014db0000, 0x0000000016d80000)

Polling page: 0x0000000001460000

CodeCache: size=245760Kb used=3509Kb max_used=3520Kb free=242250Kb
 bounds [0x0000000002f70000, 0x00000000032f0000, 0x0000000011f70000]
 total_blobs=1645 nmethods=1085 adapters=473
 compilation: enabled

Compilation events (10 events):
Event: 4.130 Thread 0x0000000017b7e800 nmethod 1081 0x00000000032dce90 code [0x00000000032dd000, 0x00000000032dd188]
Event: 4.130 Thread 0x0000000017b7e800 1082   !   3       javax.swing.TimerQueue::sharedInstance (44 bytes)
Event: 4.130 Thread 0x0000000017b7e800 nmethod 1082 0x00000000032dd210 code [0x00000000032dd440, 0x00000000032de058]
Event: 4.131 Thread 0x0000000017b7e800 1083       1       javax.swing.Timer::getInitialDelay (5 bytes)
Event: 4.131 Thread 0x0000000017b7e800 nmethod 1083 0x00000000032de910 code [0x00000000032dea60, 0x00000000032deb70]
Event: 4.140 Thread 0x0000000017b1e800 1085       4       java.util.concurrent.locks.ReentrantLock$Sync::tryRelease (45 bytes)
Event: 4.140 Thread 0x0000000017b7e800 1084       3       java.util.concurrent.locks.AbstractQueuedSynchronizer$ConditionObject::doSignalAll (36 bytes)
Event: 4.140 Thread 0x0000000017b7e800 nmethod 1084 0x00000000032debd0 code [0x00000000032ded40, 0x00000000032df048]
Event: 4.140 Thread 0x0000000017b1e800 nmethod 1085 0x00000000032e1e50 code [0x00000000032e1f80, 0x00000000032e2038]
Event: 4.145 Thread 0x0000000017b7e800 1086   !   3       java.awt.DefaultKeyboardFocusManager::dispatchEvent (1645 bytes)

GC Heap History (4 events):
Event: 0.825 GC heap before
{Heap before GC invocations=1 (full 0):
 PSYoungGen      total 38400K, used 11598K [0x00000000d5980000, 0x00000000d8400000, 0x0000000100000000)
  eden space 33280K, 34% used [0x00000000d5980000,0x00000000d64d3968,0x00000000d7a00000)
  from space 5120K, 0% used [0x00000000d7f00000,0x00000000d7f00000,0x00000000d8400000)
  to   space 5120K, 0% used [0x00000000d7a00000,0x00000000d7a00000,0x00000000d7f00000)
 ParOldGen       total 87552K, used 0K [0x0000000080c00000, 0x0000000086180000, 0x00000000d5980000)
  object space 87552K, 0% used [0x0000000080c00000,0x0000000080c00000,0x0000000086180000)
 Metaspace       used 11380K, capacity 11640K, committed 11776K, reserved 1064960K
  class space    used 1337K, capacity 1452K, committed 1536K, reserved 1048576K
Event: 0.828 GC heap after
Heap after GC invocations=1 (full 0):
 PSYoungGen      total 38400K, used 4060K [0x00000000d5980000, 0x00000000d8400000, 0x0000000100000000)
  eden space 33280K, 0% used [0x00000000d5980000,0x00000000d5980000,0x00000000d7a00000)
  from space 5120K, 79% used [0x00000000d7a00000,0x00000000d7df7358,0x00000000d7f00000)
  to   space 5120K, 0% used [0x00000000d7f00000,0x00000000d7f00000,0x00000000d8400000)
 ParOldGen       total 87552K, used 8K [0x0000000080c00000, 0x0000000086180000, 0x00000000d5980000)
  object space 87552K, 0% used [0x0000000080c00000,0x0000000080c02000,0x0000000086180000)
 Metaspace       used 11380K, capacity 11640K, committed 11776K, reserved 1064960K
  class space    used 1337K, capacity 1452K, committed 1536K, reserved 1048576K
}
Event: 0.828 GC heap before
{Heap before GC invocations=2 (full 1):
 PSYoungGen      total 38400K, used 4060K [0x00000000d5980000, 0x00000000d8400000, 0x0000000100000000)
  eden space 33280K, 0% used [0x00000000d5980000,0x00000000d5980000,0x00000000d7a00000)
  from space 5120K, 79% used [0x00000000d7a00000,0x00000000d7df7358,0x00000000d7f00000)
  to   space 5120K, 0% used [0x00000000d7f00000,0x00000000d7f00000,0x00000000d8400000)
 ParOldGen       total 87552K, used 8K [0x0000000080c00000, 0x0000000086180000, 0x00000000d5980000)
  object space 87552K, 0% used [0x0000000080c00000,0x0000000080c02000,0x0000000086180000)
 Metaspace       used 11380K, capacity 11640K, committed 11776K, reserved 1064960K
  class space    used 1337K, capacity 1452K, committed 1536K, reserved 1048576K
Event: 0.841 GC heap after
Heap after GC invocations=2 (full 1):
 PSYoungGen      total 38400K, used 0K [0x00000000d5980000, 0x00000000d8400000, 0x0000000100000000)
  eden space 33280K, 0% used [0x00000000d5980000,0x00000000d5980000,0x00000000d7a00000)
  from space 5120K, 0% used [0x00000000d7a00000,0x00000000d7a00000,0x00000000d7f00000)
  to   space 5120K, 0% used [0x00000000d7f00000,0x00000000d7f00000,0x00000000d8400000)
 ParOldGen       total 62976K, used 3885K [0x0000000080c00000, 0x0000000084980000, 0x00000000d5980000)
  object space 62976K, 6% used [0x0000000080c00000,0x0000000080fcb560,0x0000000084980000)
 Metaspace       used 11380K, capacity 11640K, committed 11776K, reserved 1062912K
  class space    used 1337K, capacity 1452K, committed 1536K, reserved 1048576K
}

Deoptimization events (3 events):
Event: 0.374 Thread 0x000000000154d800 Uncommon trap: reason=unstable_if action=reinterpret pc=0x000000000309f5b0 method=java.util.Properties.loadConvert([CII[C)Ljava/lang/String; @ 4
Event: 0.375 Thread 0x000000000154d800 Uncommon trap: reason=unstable_if action=reinterpret pc=0x00000000030a7124 method=java.util.Properties$LineReader.readLine()I @ 252
Event: 0.385 Thread 0x000000000154d800 Uncommon trap: reason=class_check action=maybe_recompile pc=0x000000000310ee48 method=java.util.Properties$LineReader.readLine()I @ 410

Classes redefined (0 events):
No events

Internal exceptions (10 events):
Event: 0.033 Thread 0x000000000154d800 Exception <a 'java/lang/NoSuchMethodError': Method sun.misc.Unsafe.defineClass(Ljava/lang/String;[BII)Ljava/lang/Class; name or signature does not match> (0x00000000d5987cb8) thrown at [C:\re\workspace\8-2-build-windows-amd64-cygwin\jdk8u221\13320\hotspot
Event: 0.033 Thread 0x000000000154d800 Exception <a 'java/lang/NoSuchMethodError': Method sun.misc.Unsafe.prefetchRead(Ljava/lang/Object;J)V name or signature does not match> (0x00000000d5987fa0) thrown at [C:\re\workspace\8-2-build-windows-amd64-cygwin\jdk8u221\13320\hotspot\src\share\vm\prim
Event: 0.195 Thread 0x0000000019333000 Exception <a 'java/security/PrivilegedActionException'> (0x00000000d5adea38) thrown at [C:\re\workspace\8-2-build-windows-amd64-cygwin\jdk8u221\13320\hotspot\src\share\vm\prims\jvm.cpp, line 1502]
Event: 0.195 Thread 0x0000000019333000 Exception <a 'java/security/PrivilegedActionException'> (0x00000000d5adec48) thrown at [C:\re\workspace\8-2-build-windows-amd64-cygwin\jdk8u221\13320\hotspot\src\share\vm\prims\jvm.cpp, line 1502]
Event: 0.196 Thread 0x000000000154d800 Exception <a 'java/security/PrivilegedActionException'> (0x00000000d5b74700) thrown at [C:\re\workspace\8-2-build-windows-amd64-cygwin\jdk8u221\13320\hotspot\src\share\vm\prims\jvm.cpp, line 1502]
Event: 0.196 Thread 0x000000000154d800 Exception <a 'java/security/PrivilegedActionException'> (0x00000000d5b74910) thrown at [C:\re\workspace\8-2-build-windows-amd64-cygwin\jdk8u221\13320\hotspot\src\share\vm\prims\jvm.cpp, line 1502]
Event: 0.507 Thread 0x000000000154d800 Exception <a 'java/io/FileNotFoundException'> (0x00000000d61c2530) thrown at [C:\re\workspace\8-2-build-windows-amd64-cygwin\jdk8u221\13320\hotspot\src\share\vm\prims\jni.cpp, line 710]
Event: 0.535 Thread 0x000000000154d800 Exception <a 'java/lang/NoSuchFieldError': method resolution failed> (0x00000000d6290b38) thrown at [C:\re\workspace\8-2-build-windows-amd64-cygwin\jdk8u221\13320\hotspot\src\share\vm\prims\methodHandles.cpp, line 1167]
Event: 0.536 Thread 0x000000000154d800 Exception <a 'java/lang/NoSuchFieldError': method resolution failed> (0x00000000d629de58) thrown at [C:\re\workspace\8-2-build-windows-amd64-cygwin\jdk8u221\13320\hotspot\src\share\vm\prims\methodHandles.cpp, line 1167]
Event: 0.568 Thread 0x000000000154d800 Exception <a 'java/io/FileNotFoundException'> (0x00000000d6334ae0) thrown at [C:\re\workspace\8-2-build-windows-amd64-cygwin\jdk8u221\13320\hotspot\src\share\vm\prims\jni.cpp, line 710]

Events (10 events):
Event: 3.325 loading class javax/swing/JTable$Resizable2
Event: 3.325 loading class javax/swing/JTable$Resizable2 done
Event: 3.325 loading class javax/swing/JTable$Resizable3 done
Event: 3.325 loading class javax/swing/JTable$2 done
Event: 3.325 loading class javax/swing/JTable$5
Event: 3.325 loading class javax/swing/JTable$5 done
Event: 3.380 loading class javax/swing/table/DefaultTableCellRenderer$UIResource
Event: 3.380 loading class javax/swing/table/DefaultTableCellRenderer$UIResource done
Event: 3.545 loading class javax/swing/RepaintManager$3
Event: 3.546 loading class javax/swing/RepaintManager$3 done


Dynamic libraries:
0x00007ff699e20000 - 0x00007ff699e57000 	C:\Program Files\Java\jre1.8.0_221\bin\javaw.exe
0x00007ff8bc620000 - 0x00007ff8bc80d000 	C:\Windows\SYSTEM32\ntdll.dll
0x00007ff8bb560000 - 0x00007ff8bb613000 	C:\Windows\System32\KERNEL32.DLL
0x00007ff8b88c0000 - 0x00007ff8b8b53000 	C:\Windows\System32\KERNELBASE.dll
0x00007ff8bc270000 - 0x00007ff8bc313000 	C:\Windows\System32\ADVAPI32.dll
0x00007ff8bc1a0000 - 0x00007ff8bc23e000 	C:\Windows\System32\msvcrt.dll
0x00007ff8bc320000 - 0x00007ff8bc3be000 	C:\Windows\System32\sechost.dll
0x00007ff8bc4c0000 - 0x00007ff8bc5e2000 	C:\Windows\System32\RPCRT4.dll
0x00007ff8bba20000 - 0x00007ff8bbbb7000 	C:\Windows\System32\USER32.dll
0x00007ff8b9820000 - 0x00007ff8b9840000 	C:\Windows\System32\win32u.dll
0x00007ff8bc240000 - 0x00007ff8bc269000 	C:\Windows\System32\GDI32.dll
0x00007ff8b8f30000 - 0x00007ff8b90c9000 	C:\Windows\System32\gdi32full.dll
0x00007ff8b8e40000 - 0x00007ff8b8ee0000 	C:\Windows\System32\msvcp_win.dll
0x00007ff8b8d40000 - 0x00007ff8b8e3a000 	C:\Windows\System32\ucrtbase.dll
0x00007ff8a9f10000 - 0x00007ff8aa189000 	C:\Windows\WinSxS\amd64_microsoft.windows.common-controls_6595b64144ccf1df_6.0.17763.1098_none_de762ed45346ee8a\COMCTL32.dll
0x00007ff8bb180000 - 0x00007ff8bb4ac000 	C:\Windows\System32\combase.dll
0x00007ff8b8820000 - 0x00007ff8b889e000 	C:\Windows\System32\bcryptPrimitives.dll
0x00007ff8bc3c0000 - 0x00007ff8bc3ee000 	C:\Windows\System32\IMM32.DLL
0x0000000062010000 - 0x00000000620e2000 	C:\Program Files\Java\jre1.8.0_221\bin\msvcr100.dll
0x0000000062260000 - 0x0000000062b05000 	C:\Program Files\Java\jre1.8.0_221\bin\server\jvm.dll
0x00007ff8bb690000 - 0x00007ff8bb698000 	C:\Windows\System32\PSAPI.DLL
0x00007ff8b36d0000 - 0x00007ff8b36da000 	C:\Windows\SYSTEM32\VERSION.dll
0x00007ff8b5e10000 - 0x00007ff8b5e34000 	C:\Windows\SYSTEM32\WINMM.dll
0x00007ff8a90f0000 - 0x00007ff8a90f9000 	C:\Windows\SYSTEM32\WSOCK32.dll
0x00007ff8b5de0000 - 0x00007ff8b5e0d000 	C:\Windows\SYSTEM32\winmmbase.dll
0x00007ff8bb620000 - 0x00007ff8bb68d000 	C:\Windows\System32\WS2_32.dll
0x00007ff8b8ee0000 - 0x00007ff8b8f2a000 	C:\Windows\System32\cfgmgr32.dll
0x00007ff8a90e0000 - 0x00007ff8a90ef000 	C:\Program Files\Java\jre1.8.0_221\bin\verify.dll
0x00007ff89b6d0000 - 0x00007ff89b6f9000 	C:\Program Files\Java\jre1.8.0_221\bin\java.dll
0x00007ff8a8f30000 - 0x00007ff8a8f46000 	C:\Program Files\Java\jre1.8.0_221\bin\zip.dll
0x00007ff8b98f0000 - 0x00007ff8bade4000 	C:\Windows\System32\SHELL32.dll
0x00007ff8bb4b0000 - 0x00007ff8bb558000 	C:\Windows\System32\shcore.dll
0x00007ff8b90d0000 - 0x00007ff8b981d000 	C:\Windows\System32\windows.storage.dll
0x00007ff8b8610000 - 0x00007ff8b8634000 	C:\Windows\System32\profapi.dll
0x00007ff8b8660000 - 0x00007ff8b86bd000 	C:\Windows\System32\powrprof.dll
0x00007ff8bb7d0000 - 0x00007ff8bb822000 	C:\Windows\System32\shlwapi.dll
0x00007ff8b86c0000 - 0x00007ff8b86d1000 	C:\Windows\System32\kernel.appcore.dll
0x00007ff8b88a0000 - 0x00007ff8b88b7000 	C:\Windows\System32\cryptsp.dll
0x00007ff89b6b0000 - 0x00007ff89b6ca000 	C:\Program Files\Java\jre1.8.0_221\bin\net.dll
0x00007ff8aef70000 - 0x00007ff8af147000 	C:\Windows\SYSTEM32\urlmon.dll
0x00007ff8ad960000 - 0x00007ff8adc08000 	C:\Windows\SYSTEM32\iertutil.dll
0x00007ff8b8050000 - 0x00007ff8b805c000 	C:\Windows\SYSTEM32\CRYPTBASE.DLL
0x00007ff8b7e80000 - 0x00007ff8b7ee7000 	C:\Windows\system32\mswsock.dll
0x00007ff8b7be0000 - 0x00007ff8b7ca6000 	C:\Windows\SYSTEM32\DNSAPI.dll
0x00007ff8bba10000 - 0x00007ff8bba18000 	C:\Windows\System32\NSI.dll
0x00007ff8b7ba0000 - 0x00007ff8b7bdd000 	C:\Windows\SYSTEM32\IPHLPAPI.DLL
0x00007ff8adcc0000 - 0x00007ff8adcca000 	C:\Windows\System32\rasadhlp.dll
0x00007ff8af150000 - 0x00007ff8af1c9000 	C:\Windows\System32\fwpuclnt.dll
0x00007ff8b8790000 - 0x00007ff8b87b6000 	C:\Windows\System32\bcrypt.dll
0x00007ff865990000 - 0x00007ff865b29000 	C:\Program Files\Java\jre1.8.0_221\bin\awt.dll
0x00007ff8bc3f0000 - 0x00007ff8bc4b4000 	C:\Windows\System32\OLEAUT32.dll
0x00007ff8b6480000 - 0x00007ff8b650c000 	C:\Windows\SYSTEM32\apphelp.dll
0x00007ff8b6950000 - 0x00007ff8b697e000 	C:\Windows\system32\DWMAPI.DLL
0x00007ff8b8b60000 - 0x00007ff8b8d3c000 	C:\Windows\System32\CRYPT32.dll
0x00007ff8b8640000 - 0x00007ff8b8652000 	C:\Windows\System32\MSASN1.dll
0x00007ff8b6630000 - 0x00007ff8b66cc000 	C:\Windows\system32\uxtheme.dll
0x00007ff876e30000 - 0x00007ff876f57000 	C:\Windows\system32\opengl32.dll
0x00007ff876e00000 - 0x00007ff876e2c000 	C:\Windows\SYSTEM32\GLU32.dll
0x00007ff8bb890000 - 0x00007ff8bb9fb000 	C:\Windows\System32\MSCTF.dll
0x00007ff8bb020000 - 0x00007ff8bb175000 	C:\Windows\System32\ole32.dll
0x00007ff8a7a20000 - 0x00007ff8a7bbe000 	C:\Windows\system32\d3d9.dll
0x00007ff8b36e0000 - 0x00007ff8b37cf000 	C:\Windows\System32\DriverStore\FileRepository\nv_dispi.inf_amd64_5ef913e2bcf39373\nvldumdx.dll
0x00007ff8b3600000 - 0x00007ff8b362f000 	C:\Windows\SYSTEM32\cryptnet.dll
0x00007ff8b87c0000 - 0x00007ff8b8819000 	C:\Windows\System32\WINTRUST.DLL
0x00007ff8bae50000 - 0x00007ff8bae6d000 	C:\Windows\System32\imagehlp.dll
0x00007ff8b7a00000 - 0x00007ff8b7a33000 	C:\Windows\system32\rsaenh.dll
0x00007ff84ce70000 - 0x00007ff84e377000 	C:\Windows\System32\DriverStore\FileRepository\nv_dispi.inf_amd64_5ef913e2bcf39373\nvd3dumx.dll
0x00007ff88aee0000 - 0x00007ff88b1a4000 	C:\Windows\system32\nvspcap64.dll
0x00007ff8b7680000 - 0x00007ff8b76b1000 	C:\Windows\SYSTEM32\ntmarta.dll
0x00007ff8b72c0000 - 0x00007ff8b72e2000 	C:\Windows\SYSTEM32\gpapi.dll
0x00007ff867340000 - 0x00007ff867389000 	C:\Program Files\Java\jre1.8.0_221\bin\fontmanager.dll
0x00007ff8b9840000 - 0x00007ff8b98e2000 	C:\Windows\System32\clbcatq.dll
0x00007ff8b3920000 - 0x00007ff8b3ad8000 	C:\Windows\SYSTEM32\WindowsCodecs.dll
0x00007ff894670000 - 0x00007ff8946c6000 	C:\Windows\system32\dataexchange.dll
0x00007ff8b53d0000 - 0x00007ff8b564e000 	C:\Windows\system32\d3d11.dll
0x00007ff8b5c10000 - 0x00007ff8b5dd3000 	C:\Windows\system32\dcomp.dll
0x00007ff8b7340000 - 0x00007ff8b7402000 	C:\Windows\system32\dxgi.dll
0x00007ff8b6980000 - 0x00007ff8b6b8d000 	C:\Windows\system32\twinapi.appcore.dll
0x00007ff8b6c40000 - 0x00007ff8b6c68000 	C:\Windows\system32\RMCLIENT.dll
0x00007ff8aca90000 - 0x00007ff8acb25000 	C:\Windows\System32\TextInputFramework.dll
0x00007ff8b3de0000 - 0x00007ff8b4102000 	C:\Windows\System32\CoreUIComponents.dll
0x00007ff8b61a0000 - 0x00007ff8b6282000 	C:\Windows\System32\CoreMessaging.dll
0x00007ff8b3c80000 - 0x00007ff8b3dd3000 	C:\Windows\SYSTEM32\wintypes.dll
0x00007ff89b690000 - 0x00007ff89b6a2000 	C:\Program Files\Java\jre1.8.0_221\bin\nio.dll
0x00007ff8672f0000 - 0x00007ff867332000 	C:\Program Files\Java\jre1.8.0_221\bin\t2k.dll

VM Arguments:
jvm_args: -Dfile.encoding=Cp1252 
java_command: exec.Main
java_class_path (initial): C:\Users\fuyae\eclipse-workspace\PharmaEurope\bin;C:\Users\fuyae\eclipse-workspace\PharmaEurope\jgoodies-common-1.8.0.jar;C:\Users\fuyae\eclipse-workspace\PharmaEurope\jgoodies-forms-1.8.0.jar
Launcher Type: SUN_STANDARD

Environment Variables:
PATH=C:/Program Files/Java/jre1.8.0_221/bin/server;C:/Program Files/Java/jre1.8.0_221/bin;C:/Program Files/Java/jre1.8.0_221/lib/amd64;C:\Program Files (x86)\Common Files\Oracle\Java\javapath;C:\Windows\system32;C:\Windows;C:\Windows\System32\Wbem;C:\Windows\System32\WindowsPowerShell\v1.0\;C:\Windows\System32\OpenSSH\;C:\Program Files\NVIDIA Corporation\NVIDIA NvDLISR;C:\Program Files (x86)\NVIDIA Corporation\PhysX\Common;C:\Program Files\Git\cmd;C:\Program Files\nodejs\;C:\Program Files\dotnet\;C:\Program Files (x86)\Windows Kits\8.1\Windows Performance Toolkit\;C:\Users\fuyae\AppData\Local\Microsoft\WindowsApps;C:\Users\fuyae\AppData\Local\Programs\Microsoft VS Code\bin;C:\Users\fuyae\AppData\Local\hyper\app-3.0.2\resources\bin;C:\Users\fuyae\AppData\Local\GitHubDesktop\bin;C:\Users\fuyae\AppData\Roaming\npm;C:\Windows\system32;
USERNAME=fuyae
OS=Windows_NT
PROCESSOR_IDENTIFIER=Intel64 Family 6 Model 60 Stepping 3, GenuineIntel



---------------  S Y S T E M  ---------------

OS: Windows 10.0 , 64 bit Build 17763 (10.0.17763.475)

CPU:total 4 (initial active 4) (4 cores per cpu, 1 threads per core) family 6 model 60 stepping 3, cmov, cx8, fxsr, mmx, sse, sse2, sse3, ssse3, sse4.1, sse4.2, popcnt, avx, avx2, aes, clmul, erms, lzcnt, tsc, tscinvbit, bmi1, bmi2

Memory: 4k page, physical 8338624k(826712k free), swap 33504448k(5120k free)

vm_info: Java HotSpot(TM) 64-Bit Server VM (25.221-b11) for windows-amd64 JRE (1.8.0_221-b11), built on Jul  4 2019 04:39:29 by "java_re" with MS VC++ 10.0 (VS2010)

time: Sun Apr 05 06:23:37 2020
timezone: Paris, Madrid (heure d’été)
elapsed time: 4 seconds (0d 0h 0m 4s)

